<?xml version="1.0" encoding="UTF-8"?>
<!-- Generated by org.testng.reporters.JUnitReportReporter -->
<testsuite skipped="0" hostname="welcome-PC" name="testcases.BankManagerLoginTest" tests="1" failures="0" timestamp="2020-07-12T16:19:55 IST" time="7.660" errors="0">
  <testcase name="loginAsBankManager" time="7.660" classname="testcases.BankManagerLoginTest"/>
  <system-out/>
</testsuite> <!-- testcases.BankManagerLoginTest -->
