<?xml version="1.0" encoding="UTF-8"?>
<!-- Generated by org.testng.reporters.JUnitReportReporter -->
<testsuite skipped="0" hostname="welcome-PC" name="testcases.BankManagerLoginTest" tests="1" failures="0" timestamp="2020-07-10T15:18:26 IST" time="4.367" errors="0">
  <testcase name="loginAsBankManager" time="4.367" classname="testcases.BankManagerLoginTest"/>
  <system-out/>
</testsuite> <!-- testcases.BankManagerLoginTest -->
